[INFO] 27.12.2024, 17:08:46: Server is running on port 3332
[INFO] 27.12.2024, 17:08:45: Creating tables if it they do not exist yet!
[INFO] 27.12.2024, 17:08:45: Creating database if it does not exist yet!
[INFO] 27.12.2024, 17:08:45: Starting up!
[INFO] 27.12.2024, 17:03:23: Server is running on port 3332
[INFO] 27.12.2024, 17:03:23: Creating tables if it they do not exist yet!
[INFO] 27.12.2024, 17:03:23: Creating database if it does not exist yet!
[INFO] 27.12.2024, 17:03:22: Starting up!
[INFO] 27.12.2024, 17:00:36: Server is running on port 3332
[INFO] 27.12.2024, 17:00:36: Creating tables if it they do not exist yet!
[INFO] 27.12.2024, 17:00:36: Creating database if it does not exist yet!
[INFO] 27.12.2024, 17:00:35: Starting up!
[INFO] 27.12.2024, 17:00:19: Server is running on port 3332
[INFO] 27.12.2024, 17:00:19: Creating tables if it they do not exist yet!
[INFO] 27.12.2024, 17:00:19: Creating database if it does not exist yet!
[INFO] 27.12.2024, 17:00:18: Starting up!
[INFO] 27.12.2024, 17:00:05: Server is running on port 3332
[INFO] 27.12.2024, 17:00:04: Creating tables if it they do not exist yet!
[INFO] 27.12.2024, 17:00:04: Creating database if it does not exist yet!
[INFO] 27.12.2024, 17:00:04: Starting up!
[INFO] 27.12.2024, 16:59:48: Server is running on port 3332
[INFO] 27.12.2024, 16:59:48: Creating tables if it they do not exist yet!
[INFO] 27.12.2024, 16:59:48: Creating database if it does not exist yet!
[INFO] 27.12.2024, 16:59:47: Starting up!
[INFO] 27.12.2024, 16:59:29: Server is running on port 3332
[INFO] 27.12.2024, 16:59:29: Creating tables if it they do not exist yet!
[INFO] 27.12.2024, 16:59:29: Creating database if it does not exist yet!
[INFO] 27.12.2024, 16:59:28: Starting up!
[INFO] 27.12.2024, 16:59:05: Server is running on port 3332
[INFO] 27.12.2024, 16:59:04: Creating tables if it they do not exist yet!
[INFO] 27.12.2024, 16:59:04: Creating database if it does not exist yet!
[INFO] 27.12.2024, 16:59:04: Starting up!
[INFO] 27.12.2024, 16:58:52: Server is running on port 3332
[INFO] 27.12.2024, 16:58:51: Creating tables if it they do not exist yet!
[INFO] 27.12.2024, 16:58:51: Creating database if it does not exist yet!
[INFO] 27.12.2024, 16:58:51: Starting up!
[INFO] 27.12.2024, 16:58:42: Server is running on port 3332
[INFO] 27.12.2024, 16:58:42: Creating tables if it they do not exist yet!
[INFO] 27.12.2024, 16:58:42: Creating database if it does not exist yet!
[INFO] 27.12.2024, 16:58:41: Starting up!
[INFO] 27.12.2024, 16:58:26: Server is running on port 3332
[INFO] 27.12.2024, 16:58:26: Creating tables if it they do not exist yet!
[INFO] 27.12.2024, 16:58:25: Creating database if it does not exist yet!
[INFO] 27.12.2024, 16:58:25: Starting up!
[INFO] 27.12.2024, 16:57:43: Server is running on port 3332
[INFO] 27.12.2024, 16:57:43: Creating tables if it they do not exist yet!
[INFO] 27.12.2024, 16:57:43: Creating database if it does not exist yet!
[INFO] 27.12.2024, 16:57:42: Starting up!
[INFO] 27.12.2024, 16:57:03: Starting up!
[INFO] 27.12.2024, 16:56:50: Server is running on port 3332
[INFO] 27.12.2024, 16:56:49: Creating tables if it they do not exist yet!
[INFO] 27.12.2024, 16:56:49: Creating database if it does not exist yet!
[INFO] 27.12.2024, 16:56:49: Starting up!
[INFO] 27.12.2024, 16:56:14: Server is running on port 3332
[INFO] 27.12.2024, 16:56:14: Creating tables if it they do not exist yet!
[INFO] 27.12.2024, 16:56:14: Creating database if it does not exist yet!
[INFO] 27.12.2024, 16:56:13: Starting up!
[INFO] 27.12.2024, 16:55:26: Server is running on port 3332
[INFO] 27.12.2024, 16:55:26: Creating tables if it they do not exist yet!
[INFO] 27.12.2024, 16:55:26: Creating database if it does not exist yet!
[INFO] 27.12.2024, 16:55:25: Starting up!
[INFO] 27.12.2024, 16:54:56: Server is running on port 3332
[INFO] 27.12.2024, 16:54:55: Creating tables if it they do not exist yet!
[INFO] 27.12.2024, 16:54:55: Creating database if it does not exist yet!
[INFO] 27.12.2024, 16:54:55: Starting up!
[INFO] 27.12.2024, 16:54:35: Server is running on port 3332
[INFO] 27.12.2024, 16:54:34: Creating tables if it they do not exist yet!
[INFO] 27.12.2024, 16:54:34: Creating database if it does not exist yet!
[INFO] 27.12.2024, 16:54:34: Starting up!
[INFO] 27.12.2024, 16:54:16: Server is running on port 3332
[INFO] 27.12.2024, 16:54:15: Creating tables if it they do not exist yet!
[INFO] 27.12.2024, 16:54:15: Creating database if it does not exist yet!
[INFO] 27.12.2024, 16:54:15: Starting up!
[INFO] 27.12.2024, 16:53:58: Server is running on port 3332
[INFO] 27.12.2024, 16:53:57: Creating tables if it they do not exist yet!
[INFO] 27.12.2024, 16:53:57: Creating database if it does not exist yet!
[INFO] 27.12.2024, 16:53:57: Starting up!
[INFO] 27.12.2024, 16:53:27: Server is running on port 3332
[INFO] 27.12.2024, 16:53:26: Creating tables if it they do not exist yet!
[INFO] 27.12.2024, 16:53:26: Creating database if it does not exist yet!
[INFO] 27.12.2024, 16:53:26: Starting up!
[INFO] 27.12.2024, 16:52:16: Server is running on port 3332
[INFO] 27.12.2024, 16:52:16: Creating tables if it they do not exist yet!
[INFO] 27.12.2024, 16:52:16: Creating database if it does not exist yet!
[INFO] 27.12.2024, 16:52:15: Starting up!
[INFO] 27.12.2024, 16:50:35: Server is running on port 3332
[INFO] 27.12.2024, 16:50:35: Creating tables if it they do not exist yet!
[INFO] 27.12.2024, 16:50:35: Creating database if it does not exist yet!
[INFO] 27.12.2024, 16:50:34: Starting up!
[INFO] 27.12.2024, 16:49:57: Server is running on port 3332
[INFO] 27.12.2024, 16:49:56: Creating tables if it they do not exist yet!
[INFO] 27.12.2024, 16:49:56: Creating database if it does not exist yet!
[INFO] 27.12.2024, 16:49:56: Starting up!
[INFO] 27.12.2024, 16:46:27: Server is running on port 3332
[INFO] 27.12.2024, 16:46:26: Creating tables if it they do not exist yet!
[INFO] 27.12.2024, 16:46:26: Creating database if it does not exist yet!
[INFO] 27.12.2024, 16:46:26: Starting up!
[INFO] 27.12.2024, 16:46:03: Server is running on port 3332
[INFO] 27.12.2024, 16:46:02: Creating tables if it they do not exist yet!
[INFO] 27.12.2024, 16:46:02: Creating database if it does not exist yet!
[INFO] 27.12.2024, 16:46:02: Starting up!
[INFO] 27.12.2024, 16:45:50: Server is running on port 3332
[INFO] 27.12.2024, 16:45:50: Creating tables if it they do not exist yet!
[INFO] 27.12.2024, 16:45:50: Creating database if it does not exist yet!
[INFO] 27.12.2024, 16:45:49: Starting up!
[INFO] 27.12.2024, 16:44:26: Server is running on port 3332
[INFO] 27.12.2024, 16:44:26: Creating tables if it they do not exist yet!
INFO] 27.12.2024, 16:44:25: Starting up!
[INFO] 27.12.2024, 16:44:09: Server is running on port 3332
[INFO] 27.12.2024, 16:44:09: Creating tables if it they do not exist yet!
[INFO] 27.12.2024, 16:44:08: Creating database if it does not exist yet!
[INFO] 27.12.2024, 16:44:08: Starting up!
[INFO] 27.12.2024, 16:43:18: Server is running on port 3332
[INFO] 27.12.2024, 16:43:18: Creating tables if it they do not exist yet!
[INFO] 27.12.2024, 16:43:18: Creating database if it does not exist yet!
[INFO] 27.12.2024, 16:43:17: Starting up!
[INFO] 27.12.2024, 16:41:38: Server is running on port 3332
[INFO] 27.12.2024, 16:41:38: Creating tables if it they do not exist yet!
INFO] 27.12.2024, 16:41:37: Starting up!
[INFO] 27.12.2024, 16:22:52: Server is running on port 3332
[INFO] 27.12.2024, 16:22:52: Creating tables if it they do not exist yet!
[INFO] 27.12.2024, 16:22:52: Creating database if it does not exist yet!
[INFO] 27.12.2024, 16:22:51: Starting up!
[INFO] 27.12.2024, 16:21:38: Server is running on port 3332
[INFO] 27.12.2024, 16:21:37: Creating tables if it they do not exist yet!
[INFO] 27.12.2024, 16:21:37: Creating database if it does not exist yet!
[INFO] 27.12.2024, 16:21:37: Starting up!
[INFO] 27.12.2024, 16:21:05: Server is running on port 3332
[INFO] 27.12.2024, 16:21:04: Creating tables if it they do not exist yet!
[INFO] 27.12.2024, 16:21:04: Creating database if it does not exist yet!
[INFO] 27.12.2024, 16:21:03: Starting up!
[INFO] 27.12.2024, 16:20:35: Server is running on port 3332
[INFO] 27.12.2024, 16:20:35: Creating tables if it they do not exist yet!
[INFO] 27.12.2024, 16:20:35: Creating database if it does not exist yet!
[INFO] 27.12.2024, 16:20:34: Starting up!
[INFO] 27.12.2024, 16:20:20: Server is running on port 3332
[INFO] 27.12.2024, 16:20:20: Creating tables if it they do not exist yet!
[INFO] 27.12.2024, 16:20:19: Creating database if it does not exist yet!
[INFO] 27.12.2024, 16:20:19: Starting up!
[INFO] 27.12.2024, 16:19:18: Server is running on port 3332
[INFO] 27.12.2024, 16:19:18: Creating tables if it they do not exist yet!
